<?xml version="1.0" encoding="UTF-8"?>
<!-- Generated by org.testng.reporters.JUnitReportReporter -->
<testsuite hostname="LAPTOP-BNK08KHG" failures="0" tests="1" name="testCases.TC001_AccountRegistrationTest" time="1.688" errors="0" timestamp="2025-08-17T23:06:30 IST" skipped="0">
  <testcase classname="testCases.TC001_AccountRegistrationTest" name="verifyAccountRegistration" time="1.688"/>
</testsuite> <!-- testCases.TC001_AccountRegistrationTest -->
